2024-10-02 12:50:39 - Archivo .\noticias_filtradas_20241002_125039.json eliminado.
2024-10-02 12:50:39 - Script de archivo ejecutado con éxito. Código de salida: 0
2024-10-02 12:50:39 - Ejecutando script para archivar noticias filtradas...
2024-10-02 12:50:39 - No hay noticias nuevas para enviar.
2024-10-02 12:50:39 - El artículo 'Emilia Ríos, alcaldesa de Ñuñoa: “Hemos ordenado la casa y las cuentas (…) el desafío es continuar mejorando la recaudación”' ya fue enviado. No se reenviará.
2024-10-02 12:50:39 - El artículo 'Sebastián Sichel, independiente por Chile Vamos: “Desde Ñuñoa queremos impulsar la discusión nacional (…)sobre el pago justo de las contribuciones”' ya fue enviado. No se reenviará.
2024-10-02 12:50:39 - El artículo 'CEP: Desaprobación de Boric baja a 54% y alcalde Vodanovic (FA) arremete entre los mejores evaluados' ya fue enviado. No se reenviará.
2024-10-02 12:50:39 - El artículo 'Municipalidad de Ñuñoa oficiará al Ministerio de Justicia por instalación de centro de reinserción social sin aviso' ya fue enviado. No se reenviará.
2024-10-02 12:50:39 - El artículo 'Municipalidad de Ñuñoa oficiará al Min. de Justicia por centro de reinserción instalado sin aviso' ya fue enviado. No se reenviará.
2024-10-02 12:50:39 - El artículo 'Hermosilla aclaró relación con Sichel: nunca le hizo favores cuando estaba en BancoEstado' ya fue enviado. No se reenviará.
2024-10-02 12:50:39 - El artículo 'Diputado Rubén Oyarzo "cuestiona" votación del FA y PC tras aprobación de informe en Caso Convenio' ya fue enviado. No se reenviará.
2024-10-02 12:50:39 - 7 noticias encontradas. Filtrando noticias no enviadas...
2024-10-02 12:50:39 - Último archivo JSON encontrado: .\noticias_filtradas_20241002_125039.json
2024-10-02 12:50:39 - Archivo relevante encontrado: noticias_filtradas_20241002_125039.json
2024-10-02 12:50:39 - Buscando archivos JSON en el directorio: .
2024-10-02 12:50:39 - buscador2.py terminado con código de salida 0
2024-10-02 12:50:38 - Ejecutando buscador2.py...
2024-10-02 12:50:38 - rss3.py terminado con código de salida 0
2024-10-02 12:49:24 - Ejecutando rss3.py...

--- Nuevo ciclo ---
2024-10-02 12:49:24 - Iniciando ciclo de ejecución de Varys...
2024-10-02 12:45:57 - Archivo .\noticias_filtradas_20241002_124553.json eliminado.
2024-10-02 12:45:57 - Script de archivo ejecutado con éxito. Código de salida: 0
2024-10-02 12:45:57 - Ejecutando script para archivar noticias filtradas...
2024-10-02 12:45:57 - Noticias enviadas y guardadas.
2024-10-02 12:45:57 - Mensaje enviado a Telegram al usuario -4197811136 con éxito.
2024-10-02 12:45:56 - Mensaje enviado a Telegram al usuario -4197811136 con éxito.
2024-10-02 12:45:55 - Mensaje enviado a Telegram al usuario -4197811136 con éxito.
2024-10-02 12:45:55 - Mensaje enviado a Telegram al usuario -4197811136 con éxito.
2024-10-02 12:45:54 - Mensaje enviado a Telegram al usuario -4197811136 con éxito.
2024-10-02 12:45:53 - El artículo 'Hermosilla aclaró relación con Sichel: nunca le hizo favores cuando estaba en BancoEstado' ya fue enviado. No se reenviará.
2024-10-02 12:45:53 - El artículo 'Diputado Rubén Oyarzo "cuestiona" votación del FA y PC tras aprobación de informe en Caso Convenio' ya fue enviado. No se reenviará.
2024-10-02 12:45:53 - 7 noticias encontradas. Filtrando noticias no enviadas...
2024-10-02 12:45:53 - Último archivo JSON encontrado: .\noticias_filtradas_20241002_124553.json
2024-10-02 12:45:53 - Archivo relevante encontrado: noticias_filtradas_20241002_124553.json
2024-10-02 12:45:53 - Buscando archivos JSON en el directorio: .
2024-10-02 12:45:53 - buscador2.py terminado con código de salida 0
2024-10-02 12:45:52 - Ejecutando buscador2.py...
2024-10-02 12:45:52 - rss3.py terminado con código de salida 0
2024-10-02 12:44:24 - Ejecutando rss3.py...

--- Nuevo ciclo ---
2024-10-02 12:44:24 - Iniciando ciclo de ejecución de Varys...

--- Nuevo ciclo ---
2024-10-02 12:44:24 - Iniciando el planificador...
2024-10-01 22:30:48 - Archivo .\noticias_filtradas_20241001_223047.json eliminado.
2024-10-01 22:30:48 - Script de archivo ejecutado con éxito. Código de salida: 0
2024-10-01 22:30:48 - Ejecutando script para archivar noticias filtradas...
2024-10-01 22:30:48 - No hay noticias nuevas para enviar.
2024-10-01 22:30:48 - El artículo 'Con las elecciones en el horizonte y el desafío de posicionar al partido: Los primeros meses de Constanza Martínez al mando del FA' ya fue enviado. No se reenviará.
2024-10-01 22:30:48 - El artículo 'Hermosilla aclaró relación con Sichel: nunca le hizo favores cuando estaba en BancoEstado' ya fue enviado. No se reenviará.
2024-10-01 22:30:48 - El artículo 'Sichel no avanzará en querella contra Hermosilla: Abogado se habría retractado de sus dichos' ya fue enviado. No se reenviará.
2024-10-01 22:30:48 - El artículo 'Hermosilla reconoció que Sichel nunca le hizo favores cuando estuvo en BancoEstado' ya fue enviado. No se reenviará.
2024-10-01 22:30:48 - El artículo 'Diputado Rubén Oyarzo "cuestiona" votación del FA y PC tras aprobación de informe en Caso Convenio' ya fue enviado. No se reenviará.
2024-10-01 22:30:48 - 5 noticias encontradas. Filtrando noticias no enviadas...
2024-10-01 22:30:48 - Último archivo JSON encontrado: .\noticias_filtradas_20241001_223047.json
2024-10-01 22:30:47 - Archivo relevante encontrado: noticias_filtradas_20241001_223047.json
2024-10-01 22:30:47 - Buscando archivos JSON en el directorio: .
2024-10-01 22:30:47 - buscador2.py terminado con código de salida 0
2024-10-01 22:30:47 - Ejecutando buscador2.py...
2024-10-01 22:30:47 - rss3.py terminado con código de salida 0
2024-10-01 22:29:17 - Ejecutando rss3.py...

--- Nuevo ciclo ---
2024-10-01 22:29:17 - Iniciando ciclo de ejecución de Varys...

--- Nuevo ciclo ---
2024-10-01 22:29:17 - Iniciando el planificador...
2024-10-01 22:26:44 - No se encontraron archivos JSON recientes.
2024-10-01 22:26:43 - Buscando archivos JSON en el directorio: .
2024-10-01 22:26:43 - buscador2.py terminado con código de salida 0
2024-10-01 22:26:43 - Ejecutando buscador2.py...
2024-10-01 22:26:43 - rss3.py terminado con código de salida 0
2024-10-01 22:24:58 - Ejecutando rss3.py...

--- Nuevo ciclo ---
2024-10-01 22:24:58 - Iniciando ciclo de ejecución de Varys...

--- Nuevo ciclo ---
2024-10-01 22:24:58 - Iniciando el planificador...
2024-10-01 21:55:10 - Archivo .\noticias_filtradas_20241001_215505.json eliminado.
2024-10-01 21:55:10 - Script de archivo ejecutado con éxito. Código de salida: 0
2024-10-01 21:55:10 - Ejecutando script para archivar noticias filtradas...
2024-10-01 21:55:10 - Noticias enviadas y guardadas.
2024-10-01 21:55:10 - Mensaje enviado a Telegram al usuario -4197811136 con éxito.
2024-10-01 21:55:09 - Mensaje enviado a Telegram al usuario -4197811136 con éxito.
2024-10-01 21:55:08 - Mensaje enviado a Telegram al usuario -4197811136 con éxito.
2024-10-01 21:55:07 - Mensaje enviado a Telegram al usuario -4197811136 con éxito.
2024-10-01 21:55:06 - Mensaje enviado a Telegram al usuario -4197811136 con éxito.
2024-10-01 21:55:05 - 5 noticias encontradas. Filtrando noticias no enviadas...
2024-10-01 21:55:05 - Último archivo JSON encontrado: .\noticias_filtradas_20241001_215505.json
2024-10-01 21:55:05 - Archivo relevante encontrado: noticias_filtradas_20241001_215505.json
2024-10-01 21:55:05 - Buscando archivos JSON en el directorio: .
2024-10-01 21:55:05 - buscador2.py terminado con código de salida 0
2024-10-01 21:55:04 - Ejecutando buscador2.py...
2024-10-01 21:55:04 - rss3.py terminado con código de salida 0
2024-10-01 21:53:20 - Ejecutando rss3.py...

--- Nuevo ciclo ---
2024-10-01 21:53:20 - Iniciando ciclo de ejecución de Varys...

--- Nuevo ciclo ---
2024-10-01 21:53:20 - Iniciando el planificador...
2024-09-19 13:39:43 - Archivo .\noticias_filtradas_20240919_133942.json eliminado.
2024-09-19 13:39:43 - Script de archivo ejecutado con éxito. Código de salida: 0
2024-09-19 13:39:43 - Ejecutando script para archivar noticias filtradas...
2024-09-19 13:39:43 - Noticias enviadas y guardadas.
2024-09-19 13:39:43 - El artículo 'Hija de Eduardo Bonvallet dedica conmovedor mensaje a su padre: “Chile no te olvida “' ya fue enviado. No se reenviará.
2024-09-19 13:39:43 - El artículo '“Chile no te olvida”: Hija de Eduardo Bonvallet recuerda a su padre con sentido homenaje a nueve años de su muerte' ya fue enviado. No se reenviará.
2024-09-19 13:39:43 - Mensaje enviado a Telegram al usuario 186640618 con éxito.
2024-09-19 13:39:42 - 3 noticias encontradas. Filtrando noticias no enviadas...
2024-09-19 13:39:42 - Último archivo JSON encontrado: .\noticias_filtradas_20240919_133942.json
2024-09-19 13:39:42 - Archivo relevante encontrado: noticias_filtradas_20240919_133942.json
2024-09-19 13:39:42 - Buscando archivos JSON en el directorio: .
2024-09-19 13:39:42 - buscador2.py terminado con código de salida 0
2024-09-19 13:39:42 - Ejecutando buscador2.py...
2024-09-19 13:39:42 - rss3.py terminado con código de salida 0
2024-09-19 13:37:56 - Ejecutando rss3.py...

--- Nuevo ciclo ---
2024-09-19 13:37:56 - Iniciando ciclo de ejecución de Varys...

--- Nuevo ciclo ---
2024-09-19 13:37:56 - Iniciando el planificador...
2024-09-19 01:15:44 - Archivo .\noticias_filtradas_20240919_011543.json eliminado.
2024-09-19 01:15:44 - Script de archivo ejecutado con éxito. Código de salida: 0
2024-09-19 01:15:44 - Ejecutando script para archivar noticias filtradas...
2024-09-19 01:15:44 - No hay noticias nuevas para enviar.
2024-09-19 01:15:44 - El artículo 'Hija de Eduardo Bonvallet dedica conmovedor mensaje a su padre: “Chile no te olvida “' ya fue enviado. No se reenviará.
2024-09-19 01:15:44 - El artículo '“Chile no te olvida”: Hija de Eduardo Bonvallet recuerda a su padre con sentido homenaje a nueve años de su muerte' ya fue enviado. No se reenviará.
2024-09-19 01:15:44 - 2 noticias encontradas. Filtrando noticias no enviadas...
2024-09-19 01:15:44 - Último archivo JSON encontrado: .\noticias_filtradas_20240919_011543.json
2024-09-19 01:15:43 - Archivo relevante encontrado: noticias_filtradas_20240919_011543.json
2024-09-19 01:15:43 - Buscando archivos JSON en el directorio: .
2024-09-19 01:15:43 - buscador2.py terminado con código de salida 0
2024-09-19 01:15:43 - Ejecutando buscador2.py...
2024-09-19 01:15:43 - rss3.py terminado con código de salida 0
2024-09-19 01:13:23 - Ejecutando rss3.py...

--- Nuevo ciclo ---
2024-09-19 01:13:23 - Iniciando ciclo de ejecución de Varys...

--- Nuevo ciclo ---
2024-09-19 01:13:23 - Iniciando el planificador...
2024-09-18 20:28:11 - Archivo .\noticias_filtradas_20240918_202809.json eliminado.
2024-09-18 20:28:11 - Script de archivo ejecutado con éxito. Código de salida: 0
2024-09-18 20:28:11 - Ejecutando script para archivar noticias filtradas...
2024-09-18 20:28:11 - Noticias enviadas y guardadas.
2024-09-18 20:28:11 - Error al enviar mensaje: 400 - {"ok":false,"error_code":400,"description":"Bad Request: can't parse entities: Can't find end of the entity starting at byte offset 283"}
2024-09-18 20:28:11 - Mensaje enviado a Telegram al usuario -4197811136 con éxito.
2024-09-18 20:28:09 - 2 noticias encontradas. Filtrando noticias no enviadas...
2024-09-18 20:28:09 - Último archivo JSON encontrado: .\noticias_filtradas_20240918_202809.json
2024-09-18 20:28:09 - Archivo relevante encontrado: noticias_filtradas_20240918_202809.json
2024-09-18 20:28:09 - Buscando archivos JSON en el directorio: .
2024-09-18 20:28:09 - buscador2.py terminado con código de salida 0
2024-09-18 20:28:09 - Ejecutando buscador2.py...
2024-09-18 20:28:09 - rss3.py terminado con código de salida 0
2024-09-18 20:26:29 - Ejecutando rss3.py...

--- Nuevo ciclo ---
2024-09-18 20:26:29 - Iniciando ciclo de ejecución de Varys...

--- Nuevo ciclo ---
2024-09-18 20:26:29 - Iniciando el planificador...
2024-09-13 13:01:24 - Archivo .\noticias_filtradas_20240913_130115.json eliminado.
2024-09-13 13:01:24 - Script de archivo ejecutado con éxito. Código de salida: 0
2024-09-13 13:01:24 - Ejecutando script para archivar noticias filtradas...
2024-09-13 13:01:24 - Noticias enviadas y guardadas.
2024-09-13 13:01:24 - Mensaje enviado a Telegram al usuario -4197811136 con éxito.
2024-09-13 13:01:23 - Mensaje enviado a Telegram al usuario -4197811136 con éxito.
2024-09-13 13:01:19 - Mensaje enviado a Telegram al usuario -4197811136 con éxito.
2024-09-13 13:01:18 - Mensaje enviado a Telegram al usuario -4197811136 con éxito.
2024-09-13 13:01:17 - Mensaje enviado a Telegram al usuario -4197811136 con éxito.
2024-09-13 13:01:16 - Mensaje enviado a Telegram al usuario -4197811136 con éxito.
2024-09-13 13:01:16 - Mensaje enviado a Telegram al usuario -4197811136 con éxito.
2024-09-13 13:01:15 - 7 noticias encontradas. Filtrando noticias no enviadas...
2024-09-13 13:01:15 - Último archivo JSON encontrado: .\noticias_filtradas_20240913_130115.json
2024-09-13 13:01:15 - Archivo relevante encontrado: noticias_filtradas_20240913_130115.json
2024-09-13 13:01:15 - Buscando archivos JSON en el directorio: .
2024-09-13 13:01:15 - buscador2.py terminado con código de salida 0
2024-09-13 13:01:14 - Ejecutando buscador2.py...
2024-09-13 13:01:14 - rss3.py terminado con código de salida 0
2024-09-13 12:59:45 - Ejecutando rss3.py...

--- Nuevo ciclo ---
2024-09-13 12:59:45 - Iniciando ciclo de ejecución de Varys...

--- Nuevo ciclo ---
2024-09-13 12:59:45 - Iniciando el planificador...
2024-09-12 01:42:35 - Archivo .\noticias_filtradas_20240912_014235.json eliminado.
2024-09-12 01:42:35 - Script de archivo ejecutado con éxito. Código de salida: 0
2024-09-12 01:42:35 - Ejecutando script para archivar noticias filtradas...
2024-09-12 01:42:35 - No hay noticias nuevas para enviar.
2024-09-12 01:42:35 - El artículo 'En tensa sesión, diputados oficialistas acusan a Chadwick de ser parte de la “red de corrupción” de Hermosilla' ya fue enviado. No se reenviará.
2024-09-12 01:42:35 - El artículo 'Balean a trabajador en barbería de Ñuñoa: sujeto encapuchado robó gargantilla de oro y huyó' ya fue enviado. No se reenviará.
2024-09-12 01:42:35 - El artículo 'Tiroteo en barbería deja un herido a bala en Ñuñoa: encapuchado armado se llevó una gargantilla de oro' ya fue enviado. No se reenviará.
2024-09-12 01:42:35 - El artículo 'Frente Amplio pide levantamiento total del secreto del Informe Valech' ya fue enviado. No se reenviará.
2024-09-12 01:42:35 - 4 noticias encontradas. Filtrando noticias no enviadas...
2024-09-12 01:42:35 - Último archivo JSON encontrado: .\noticias_filtradas_20240912_014235.json
2024-09-12 01:42:35 - Archivo relevante encontrado: noticias_filtradas_20240912_014235.json
2024-09-12 01:42:35 - Buscando archivos JSON en el directorio: .
2024-09-12 01:42:35 - buscador2.py terminado con código de salida 0
2024-09-12 01:42:34 - Ejecutando buscador2.py...
2024-09-12 01:42:34 - Ejecutando rss3.py...

--- Nuevo ciclo ---
2024-09-12 01:42:34 - Iniciando ciclo de ejecución de Varys...
2024-09-12 01:37:34 - Archivo .\noticias_filtradas_20240912_013734.json eliminado.
2024-09-12 01:37:34 - Script de archivo ejecutado con éxito. Código de salida: 0
2024-09-12 01:37:34 - Ejecutando script para archivar noticias filtradas...
2024-09-12 01:37:34 - No hay noticias nuevas para enviar.
2024-09-12 01:37:34 - El artículo 'En tensa sesión, diputados oficialistas acusan a Chadwick de ser parte de la “red de corrupción” de Hermosilla' ya fue enviado. No se reenviará.
2024-09-12 01:37:34 - El artículo 'Balean a trabajador en barbería de Ñuñoa: sujeto encapuchado robó gargantilla de oro y huyó' ya fue enviado. No se reenviará.
2024-09-12 01:37:34 - El artículo 'Tiroteo en barbería deja un herido a bala en Ñuñoa: encapuchado armado se llevó una gargantilla de oro' ya fue enviado. No se reenviará.
2024-09-12 01:37:34 - El artículo 'Frente Amplio pide levantamiento total del secreto del Informe Valech' ya fue enviado. No se reenviará.
2024-09-12 01:37:34 - 4 noticias encontradas. Filtrando noticias no enviadas...
2024-09-12 01:37:34 - Último archivo JSON encontrado: .\noticias_filtradas_20240912_013734.json
2024-09-12 01:37:34 - Archivo relevante encontrado: noticias_filtradas_20240912_013734.json
2024-09-12 01:37:34 - Buscando archivos JSON en el directorio: .
2024-09-12 01:37:34 - buscador2.py terminado con código de salida 0
2024-09-12 01:37:34 - Ejecutando buscador2.py...
2024-09-12 01:37:34 - Ejecutando rss3.py...

--- Nuevo ciclo ---
2024-09-12 01:37:34 - Iniciando ciclo de ejecución de Varys...
2024-09-12 01:32:55 - Archivo .\noticias_filtradas_20240912_013233.json eliminado.
2024-09-12 01:32:55 - Script de archivo ejecutado con éxito. Código de salida: 0
2024-09-12 01:32:54 - Ejecutando script para archivar noticias filtradas...
2024-09-12 01:32:54 - Noticias enviadas y guardadas.
2024-09-12 01:32:54 - Mensaje enviado a Telegram al usuario 186640618 con éxito.
2024-09-12 01:32:54 - Mensaje enviado a Telegram al usuario 186640618 con éxito.
2024-09-12 01:32:53 - Mensaje enviado a Telegram al usuario 186640618 con éxito.
2024-09-12 01:32:52 - Mensaje enviado a Telegram al usuario -4197811136 con éxito.
2024-09-12 01:32:51 - Mensaje enviado a Telegram al usuario 186640618 con éxito.
2024-09-12 01:32:50 - Mensaje enviado a Telegram al usuario -4197811136 con éxito.
2024-09-12 01:32:49 - Mensaje enviado a Telegram al usuario 186640618 con éxito.
2024-09-12 01:32:49 - Mensaje enviado a Telegram al usuario -4197811136 con éxito.
2024-09-12 01:32:48 - Mensaje enviado a Telegram al usuario 186640618 con éxito.
2024-09-12 01:32:47 - Mensaje enviado a Telegram al usuario 186640618 con éxito.
2024-09-12 01:32:46 - Mensaje enviado a Telegram al usuario 186640618 con éxito.
2024-09-12 01:32:45 - Mensaje enviado a Telegram al usuario 186640618 con éxito.
2024-09-12 01:32:44 - Mensaje enviado a Telegram al usuario 186640618 con éxito.
2024-09-12 01:32:43 - Mensaje enviado a Telegram al usuario 186640618 con éxito.
2024-09-12 01:32:43 - Mensaje enviado a Telegram al usuario 186640618 con éxito.
2024-09-12 01:32:42 - Mensaje enviado a Telegram al usuario 186640618 con éxito.
2024-09-12 01:32:41 - Mensaje enviado a Telegram al usuario 186640618 con éxito.
2024-09-12 01:32:40 - Mensaje enviado a Telegram al usuario 186640618 con éxito.
2024-09-12 01:32:39 - Mensaje enviado a Telegram al usuario 186640618 con éxito.
2024-09-12 01:32:38 - Mensaje enviado a Telegram al usuario 186640618 con éxito.
2024-09-12 01:32:38 - Mensaje enviado a Telegram al usuario -4197811136 con éxito.
2024-09-12 01:32:37 - Mensaje enviado a Telegram al usuario 186640618 con éxito.
2024-09-12 01:32:36 - Mensaje enviado a Telegram al usuario 186640618 con éxito.
2024-09-12 01:32:35 - Mensaje enviado a Telegram al usuario 186640618 con éxito.
2024-09-12 01:32:34 - Mensaje enviado a Telegram al usuario 186640618 con éxito.
2024-09-12 01:32:33 - El artículo 'Gobierno de Sánchez ignorará el reconocimiento del opositor venezolano González por parte del Congreso español' ya fue enviado. No se reenviará.
2024-09-12 01:32:33 - El artículo 'La creciente molestia de La Moneda con Orrego por el “no” del gobernador a la cárcel en Santiago' ya fue enviado. No se reenviará.
2024-09-12 01:32:33 - 26 noticias encontradas. Filtrando noticias no enviadas...
2024-09-12 01:32:33 - Último archivo JSON encontrado: .\noticias_filtradas_20240912_013233.json
2024-09-12 01:32:33 - Archivo relevante encontrado: noticias_filtradas_20240912_013233.json
2024-09-12 01:32:33 - Buscando archivos JSON en el directorio: .
2024-09-12 01:32:33 - buscador2.py terminado con código de salida 0
2024-09-12 01:32:33 - Ejecutando buscador2.py...
2024-09-12 01:32:33 - Ejecutando rss3.py...

--- Nuevo ciclo ---
2024-09-12 01:32:33 - Iniciando ciclo de ejecución de Varys...

--- Nuevo ciclo ---
2024-09-12 01:32:33 - Iniciando el planificador...
2024-09-11 15:52:02 - Archivo .\noticias_filtradas_20240911_155202.json eliminado.
2024-09-11 15:52:02 - Script de archivo ejecutado con éxito. Código de salida: 0
2024-09-11 15:52:02 - Ejecutando script para archivar noticias filtradas...
2024-09-11 15:52:02 - No hay noticias nuevas para enviar.
2024-09-11 15:52:02 - El artículo 'Gobierno de Sánchez ignorará el reconocimiento del opositor venezolano González por parte del Congreso español' ya fue enviado. No se reenviará.
2024-09-11 15:52:02 - El artículo 'La creciente molestia de La Moneda con Orrego por el “no” del gobernador a la cárcel en Santiago' ya fue enviado. No se reenviará.
2024-09-11 15:52:02 - 2 noticias encontradas. Filtrando noticias no enviadas...
2024-09-11 15:52:02 - Último archivo JSON encontrado: .\noticias_filtradas_20240911_155202.json
2024-09-11 15:52:02 - Archivo relevante encontrado: noticias_filtradas_20240911_155202.json
2024-09-11 15:52:02 - Buscando archivos JSON en el directorio: .
2024-09-11 15:52:02 - buscador2.py terminado con código de salida 0
2024-09-11 15:52:02 - Ejecutando buscador2.py...
2024-09-11 15:52:02 - Ejecutando rss3.py...

--- Nuevo ciclo ---
2024-09-11 15:52:02 - Iniciando ciclo de ejecución de Varys...
2024-09-11 15:47:02 - Archivo .\noticias_filtradas_20240911_154702.json eliminado.
2024-09-11 15:47:02 - Script de archivo ejecutado con éxito. Código de salida: 0
2024-09-11 15:47:02 - Ejecutando script para archivar noticias filtradas...
2024-09-11 15:47:02 - No hay noticias nuevas para enviar.
2024-09-11 15:47:02 - El artículo 'Gobierno de Sánchez ignorará el reconocimiento del opositor venezolano González por parte del Congreso español' ya fue enviado. No se reenviará.
2024-09-11 15:47:02 - El artículo 'La creciente molestia de La Moneda con Orrego por el “no” del gobernador a la cárcel en Santiago' ya fue enviado. No se reenviará.
2024-09-11 15:47:02 - 2 noticias encontradas. Filtrando noticias no enviadas...
2024-09-11 15:47:02 - Último archivo JSON encontrado: .\noticias_filtradas_20240911_154702.json
2024-09-11 15:47:02 - Archivo relevante encontrado: noticias_filtradas_20240911_154702.json
2024-09-11 15:47:02 - Buscando archivos JSON en el directorio: .
2024-09-11 15:47:02 - buscador2.py terminado con código de salida 0
2024-09-11 15:47:02 - Ejecutando buscador2.py...
2024-09-11 15:47:02 - Ejecutando rss3.py...

--- Nuevo ciclo ---
2024-09-11 15:47:02 - Iniciando ciclo de ejecución de Varys...
2024-09-11 15:42:01 - Archivo .\noticias_filtradas_20240911_154201.json eliminado.
2024-09-11 15:42:01 - Script de archivo ejecutado con éxito. Código de salida: 0
2024-09-11 15:42:01 - Ejecutando script para archivar noticias filtradas...
2024-09-11 15:42:01 - No hay noticias nuevas para enviar.
2024-09-11 15:42:01 - El artículo 'Gobierno de Sánchez ignorará el reconocimiento del opositor venezolano González por parte del Congreso español' ya fue enviado. No se reenviará.
2024-09-11 15:42:01 - El artículo 'La creciente molestia de La Moneda con Orrego por el “no” del gobernador a la cárcel en Santiago' ya fue enviado. No se reenviará.
2024-09-11 15:42:01 - 2 noticias encontradas. Filtrando noticias no enviadas...
2024-09-11 15:42:01 - Último archivo JSON encontrado: .\noticias_filtradas_20240911_154201.json
2024-09-11 15:42:01 - Archivo relevante encontrado: noticias_filtradas_20240911_154201.json
2024-09-11 15:42:01 - Buscando archivos JSON en el directorio: .
2024-09-11 15:42:01 - buscador2.py terminado con código de salida 0
2024-09-11 15:42:01 - Ejecutando buscador2.py...
2024-09-11 15:42:01 - Ejecutando rss3.py...

--- Nuevo ciclo ---
2024-09-11 15:42:01 - Iniciando ciclo de ejecución de Varys...
2024-09-11 15:37:01 - Archivo .\noticias_filtradas_20240911_153701.json eliminado.
2024-09-11 15:37:01 - Script de archivo ejecutado con éxito. Código de salida: 0
2024-09-11 15:37:01 - Ejecutando script para archivar noticias filtradas...
2024-09-11 15:37:01 - No hay noticias nuevas para enviar.
2024-09-11 15:37:01 - El artículo 'Gobierno de Sánchez ignorará el reconocimiento del opositor venezolano González por parte del Congreso español' ya fue enviado. No se reenviará.
2024-09-11 15:37:01 - El artículo 'La creciente molestia de La Moneda con Orrego por el “no” del gobernador a la cárcel en Santiago' ya fue enviado. No se reenviará.
2024-09-11 15:37:01 - 2 noticias encontradas. Filtrando noticias no enviadas...
2024-09-11 15:37:01 - Último archivo JSON encontrado: .\noticias_filtradas_20240911_153701.json
2024-09-11 15:37:01 - Archivo relevante encontrado: noticias_filtradas_20240911_153701.json
2024-09-11 15:37:01 - Buscando archivos JSON en el directorio: .
2024-09-11 15:37:01 - buscador2.py terminado con código de salida 0
2024-09-11 15:37:01 - Ejecutando buscador2.py...
2024-09-11 15:37:01 - Ejecutando rss3.py...

--- Nuevo ciclo ---
2024-09-11 15:37:01 - Iniciando ciclo de ejecución de Varys...
2024-09-11 15:32:00 - Archivo .\noticias_filtradas_20240911_153200.json eliminado.
2024-09-11 15:32:00 - Script de archivo ejecutado con éxito. Código de salida: 0
2024-09-11 15:32:00 - Ejecutando script para archivar noticias filtradas...
2024-09-11 15:32:00 - No hay noticias nuevas para enviar.
2024-09-11 15:32:00 - El artículo 'Gobierno de Sánchez ignorará el reconocimiento del opositor venezolano González por parte del Congreso español' ya fue enviado. No se reenviará.
2024-09-11 15:32:00 - El artículo 'La creciente molestia de La Moneda con Orrego por el “no” del gobernador a la cárcel en Santiago' ya fue enviado. No se reenviará.
2024-09-11 15:32:00 - 2 noticias encontradas. Filtrando noticias no enviadas...
2024-09-11 15:32:00 - Último archivo JSON encontrado: .\noticias_filtradas_20240911_153200.json
2024-09-11 15:32:00 - Archivo relevante encontrado: noticias_filtradas_20240911_153200.json
2024-09-11 15:32:00 - Buscando archivos JSON en el directorio: .
2024-09-11 15:32:00 - buscador2.py terminado con código de salida 0
2024-09-11 15:32:00 - Ejecutando buscador2.py...
2024-09-11 15:32:00 - Ejecutando rss3.py...

--- Nuevo ciclo ---
2024-09-11 15:32:00 - Iniciando ciclo de ejecución de Varys...

--- Nuevo ciclo ---
2024-09-11 15:32:00 - Iniciando el planificador...
2024-09-11 15:31:35 - Archivo .\noticias_filtradas_20240911_153135.json eliminado.
2024-09-11 15:31:35 - Script de archivo ejecutado con éxito. Código de salida: 0
2024-09-11 15:31:35 - Ejecutando script para archivar noticias filtradas...
2024-09-11 15:31:35 - No hay noticias nuevas para enviar.
2024-09-11 15:31:35 - El artículo 'Gobierno de Sánchez ignorará el reconocimiento del opositor venezolano González por parte del Congreso español' ya fue enviado. No se reenviará.
2024-09-11 15:31:35 - El artículo 'La creciente molestia de La Moneda con Orrego por el “no” del gobernador a la cárcel en Santiago' ya fue enviado. No se reenviará.
2024-09-11 15:31:35 - 2 noticias encontradas. Filtrando noticias no enviadas...
2024-09-11 15:31:35 - Último archivo JSON encontrado: .\noticias_filtradas_20240911_153135.json
2024-09-11 15:31:35 - Archivo relevante encontrado: noticias_filtradas_20240911_153135.json
2024-09-11 15:31:35 - Buscando archivos JSON en el directorio: .
2024-09-11 15:31:35 - buscador2.py terminado con código de salida 0
2024-09-11 15:31:35 - Ejecutando buscador2.py...
2024-09-11 15:31:35 - Ejecutando rss3.py...

--- Nuevo ciclo ---
2024-09-11 15:31:35 - Iniciando ciclo de ejecución de Varys...

--- Nuevo ciclo ---
2024-09-11 15:31:35 - Iniciando el planificador...
