2024-10-02 12:50:57 - **************************************************
2024-10-02 12:50:57 - Finalizando verificación de inactividad.
2024-10-02 12:50:57 - Medios inactivos: El Ciudadano - Noticias de Chile no tiene noticias recientes.
2024-10-02 12:50:57 - Mensaje enviado a Telegram con éxito.
2024-10-02 12:50:56 - El País: Última noticia hace 2.10 horas.
2024-10-02 12:50:56 - Radio Duna: Última noticia hace 1.40 horas.
2024-10-02 12:50:56 - T13 - Lo Último: Última noticia hace 0.10 horas.
2024-10-02 12:50:56 - El Mostrador - Noticias Recientes: Última noticia hace 0.37 horas.
2024-10-02 12:50:56 - La Cuarta - Sitemap Noticias: Última noticia hace 0.17 horas.
2024-10-02 12:50:56 - Emol - Todas las noticias: Última noticia hace -1.60 horas.
2024-10-02 12:50:56 - CNN Chile - Sitemap Noticias: Última noticia hace 0.22 horas.
2024-10-02 12:50:56 - El Ciudadano - Noticias de Chile: Sin noticias recientes.
2024-10-02 12:50:56 - BioBioChile - Todas las noticias: Última noticia hace 0.07 horas.
2024-10-02 12:50:56 - Chilevisión - Sitemap Noticias: Última noticia hace 0.83 horas.
2024-10-02 12:50:56 - Radio Agricultura: Última noticia hace 0.22 horas.
2024-10-02 12:50:56 - CIPER Chile: Última noticia hace 1.85 horas.
2024-10-02 12:50:56 - Ex-Ante: Última noticia hace 0.77 horas.
2024-10-02 12:50:56 - El Desconcierto: Última noticia hace 0.40 horas.
2024-10-02 12:50:56 - The Clinic: Última noticia hace 0.65 horas.
2024-10-02 12:50:56 - Publimetro Chile: Última noticia hace 0.20 horas.
2024-10-02 12:50:56 - La Tercera: Última noticia hace 0.07 horas.
2024-10-02 12:50:56 - Diario Financiero Online: Última noticia hace 0.47 horas.
2024-10-02 12:50:56 - Cooperativa.cl: Última noticia hace 0.27 horas.
2024-10-02 12:50:56 - Noticias más recientes extraídas de 2 archivos.
2024-10-02 12:50:56 - Archivos recientes encontrados: 2
2024-10-02 12:50:56 - Iniciando verificación de inactividad.
2024-10-02 12:29:19 - Mensaje enviado a Telegram con éxito.
2024-10-02 12:29:18 - No se encontraron archivos de noticias recientes.
2024-10-02 12:29:18 - Archivos recientes encontrados: 0
2024-10-02 12:29:18 - Iniciando verificación de inactividad.
